# JRE version: Java(TM) SE Runtime Environment (15.0.2+7) (build 15.0.2+7-27)
# Java VM: Java HotSpot(TM) 64-Bit Server VM (15.0.2+7-27, mixed mode, sharing, tiered, compressed oops, g1 gc, bsd-amd64)
GC Precious Log:
 CPUs: 4 total, 4 available
 Memory: 8192M
 Large Page Support: Disabled
 NUMA Support: Disabled
 Compressed Oops: Enabled (Zero based)
 Heap Region Size: 2M
 Heap Min Capacity: 8M
 Heap Initial Capacity: 128M
 Heap Max Capacity: 4G
 Pre-touch: Disabled
 Parallel Workers: 4
 Concurrent Workers: 1
 Concurrent Refinement Workers: 4
 Periodic GC: Disabled
Heap:
 garbage-first heap   total 505856K, used 371787K [0x0000000700000000, 0x0000000800000000)
  region size 2048K, 75 young (153600K), 9 survivors (18432K)
 Metaspace       used 113214K, capacity 116777K, committed 117040K, reserved 1150976K
  class space    used 14018K, capacity 14933K, committed 14976K, reserved 1048576K
GC Heap History (20 events):
Event: 103.633 GC heap before
{Heap before GC invocations=65 (full 0):
 garbage-first heap   total 503808K, used 409497K [0x0000000700000000, 0x0000000800000000)
  region size 2048K, 94 young (192512K), 8 survivors (16384K)
 Metaspace       used 97279K, capacity 100762K, committed 100912K, reserved 1136640K
  class space    used 12261K, capacity 13162K, committed 13184K, reserved 1048576K
}
Event: 103.675 GC heap after
{Heap after GC invocations=66 (full 0):
 garbage-first heap   total 503808K, used 236710K [0x0000000700000000, 0x0000000800000000)
  region size 2048K, 11 young (22528K), 11 survivors (22528K)
 Metaspace       used 97279K, capacity 100762K, committed 100912K, reserved 1136640K
  class space    used 12261K, capacity 13162K, committed 13184K, reserved 1048576K
}
Event: 105.164 GC heap before
{Heap before GC invocations=66 (full 0):
 garbage-first heap   total 503808K, used 404646K [0x0000000700000000, 0x0000000800000000)
  region size 2048K, 91 young (186368K), 11 survivors (22528K)
 Metaspace       used 97374K, capacity 100963K, committed 101168K, reserved 1136640K
  class space    used 12265K, capacity 13164K, committed 13184K, reserved 1048576K
}
Event: 105.179 GC heap after
{Heap after GC invocations=67 (full 0):
 garbage-first heap   total 503808K, used 228665K [0x0000000700000000, 0x0000000800000000)
  region size 2048K, 5 young (10240K), 5 survivors (10240K)
 Metaspace       used 97374K, capacity 100963K, committed 101168K, reserved 1136640K
  class space    used 12265K, capacity 13164K, committed 13184K, reserved 1048576K
}
Event: 106.489 GC heap before
{Heap before GC invocations=67 (full 0):
 garbage-first heap   total 503808K, used 341305K [0x0000000700000000, 0x0000000800000000)
  region size 2048K, 59 young (120832K), 5 survivors (10240K)
 Metaspace       used 97558K, capacity 101168K, committed 101296K, reserved 1136640K
  class space    used 12283K, capacity 13198K, committed 13312K, reserved 1048576K
}
Event: 106.497 GC heap after
{Heap after GC invocations=68 (full 0):
 garbage-first heap   total 503808K, used 230513K [0x0000000700000000, 0x0000000800000000)
  region size 2048K, 4 young (8192K), 4 survivors (8192K)
 Metaspace       used 97558K, capacity 101168K, committed 101296K, reserved 1136640K
  class space    used 12283K, capacity 13198K, committed 13312K, reserved 1048576K
}
Event: 108.915 GC heap before
{Heap before GC invocations=69 (full 0):
 garbage-first heap   total 503808K, used 412785K [0x0000000700000000, 0x0000000800000000)
  region size 2048K, 93 young (190464K), 4 survivors (8192K)
 Metaspace       used 97733K, capacity 101241K, committed 101552K, reserved 1138688K
  class space    used 12292K, capacity 13201K, committed 13312K, reserved 1048576K
}
Event: 108.930 GC heap after
{Heap after GC invocations=70 (full 0):
 garbage-first heap   total 503808K, used 225365K [0x0000000700000000, 0x0000000800000000)
  region size 2048K, 5 young (10240K), 5 survivors (10240K)
 Metaspace       used 97733K, capacity 101241K, committed 101552K, reserved 1138688K
  class space    used 12292K, capacity 13201K, committed 13312K, reserved 1048576K
}
Event: 109.108 GC heap before
{Heap before GC invocations=70 (full 0):
 garbage-first heap   total 503808K, used 237653K [0x0000000700000000, 0x0000000800000000)
  region size 2048K, 12 young (24576K), 5 survivors (10240K)
 Metaspace       used 97752K, capacity 101305K, committed 101552K, reserved 1138688K
  class space    used 12292K, capacity 13201K, committed 13312K, reserved 1048576K
}
Event: 109.192 GC heap after
{Heap after GC invocations=71 (full 0):
 garbage-first heap   total 503808K, used 191284K [0x0000000700000000, 0x0000000800000000)
  region size 2048K, 1 young (2048K), 1 survivors (2048K)
 Metaspace       used 97752K, capacity 101305K, committed 101552K, reserved 1138688K
  class space    used 12292K, capacity 13201K, committed 13312K, reserved 1048576K
}
Event: 111.983 GC heap before
{Heap before GC invocations=71 (full 0):
 garbage-first heap   total 503808K, used 424756K [0x0000000700000000, 0x0000000800000000)
  region size 2048K, 111 young (227328K), 1 survivors (2048K)
 Metaspace       used 106194K, capacity 109835K, committed 110128K, reserved 1144832K
  class space    used 13474K, capacity 14412K, committed 14464K, reserved 1048576K
}
Event: 112.024 GC heap after
{Heap after GC invocations=72 (full 0):
 garbage-first heap   total 503808K, used 213436K [0x0000000700000000, 0x0000000800000000)
  region size 2048K, 11 young (22528K), 11 survivors (22528K)
 Metaspace       used 106194K, capacity 109835K, committed 110128K, reserved 1144832K
  class space    used 13474K, capacity 14412K, committed 14464K, reserved 1048576K
}
Event: 114.207 GC heap before
{Heap before GC invocations=72 (full 0):
 garbage-first heap   total 503808K, used 332220K [0x0000000700000000, 0x0000000800000000)
  region size 2048K, 55 young (112640K), 11 survivors (22528K)
 Metaspace       used 107890K, capacity 111552K, committed 111792K, reserved 1146880K
  class space    used 13652K, capacity 14590K, committed 14592K, reserved 1048576K
}
Event: 114.222 GC heap after
{Heap after GC invocations=73 (full 0):
 garbage-first heap   total 503808K, used 223990K [0x0000000700000000, 0x0000000800000000)
  region size 2048K, 2 young (4096K), 2 survivors (4096K)
 Metaspace       used 107890K, capacity 111552K, committed 111792K, reserved 1146880K
  class space    used 13652K, capacity 14590K, committed 14592K, reserved 1048576K
}
Event: 116.147 GC heap before
{Heap before GC invocations=74 (full 0):
 garbage-first heap   total 505856K, used 381686K [0x0000000700000000, 0x0000000800000000)
  region size 2048K, 22 young (45056K), 2 survivors (4096K)
 Metaspace       used 107891K, capacity 111549K, committed 111792K, reserved 1146880K
  class space    used 13652K, capacity 14589K, committed 14592K, reserved 1048576K
}
Event: 116.158 GC heap after
{Heap after GC invocations=75 (full 0):
 garbage-first heap   total 505856K, used 198233K [0x0000000700000000, 0x0000000800000000)
  region size 2048K, 3 young (6144K), 3 survivors (6144K)
 Metaspace       used 107891K, capacity 111549K, committed 111792K, reserved 1146880K
  class space    used 13652K, capacity 14589K, committed 14592K, reserved 1048576K
}
Event: 2408.052 GC heap before
{Heap before GC invocations=76 (full 0):
 garbage-first heap   total 505856K, used 427609K [0x0000000700000000, 0x0000000800000000)
  region size 2048K, 110 young (225280K), 3 survivors (6144K)
 Metaspace       used 112824K, capacity 116392K, committed 116528K, reserved 1150976K
  class space    used 14018K, capacity 14933K, committed 14976K, reserved 1048576K
}
Event: 2408.232 GC heap after
{Heap after GC invocations=77 (full 0):
 garbage-first heap   total 505856K, used 223450K [0x0000000700000000, 0x0000000800000000)
  region size 2048K, 14 young (28672K), 14 survivors (28672K)
 Metaspace       used 112824K, capacity 116392K, committed 116528K, reserved 1150976K
  class space    used 14018K, capacity 14933K, committed 14976K, reserved 1048576K
}
Event: 2415.077 GC heap before
{Heap before GC invocations=77 (full 0):
 garbage-first heap   total 505856K, used 403674K [0x0000000700000000, 0x0000000800000000)
  region size 2048K, 102 young (208896K), 14 survivors (28672K)
 Metaspace       used 113114K, capacity 116712K, committed 116784K, reserved 1150976K
  class space    used 14018K, capacity 14933K, committed 14976K, reserved 1048576K
}
Event: 2415.193 GC heap after
{Heap after GC invocations=78 (full 0):
 garbage-first heap   total 505856K, used 240715K [0x0000000700000000, 0x0000000800000000)
  region size 2048K, 9 young (18432K), 9 survivors (18432K)
 Metaspace       used 113114K, capacity 116712K, committed 116784K, reserved 1150976K
  class space    used 14018K, capacity 14933K, committed 14976K, reserved 1048576K
}

